[   .00000] Initiizing cgro subsys cpuset
[    0.000000] Initializing cgroup subsys cpu
[    0.000000] Initializing cgroup subsys cpuacct
[    0.000000] Linux version 4.4.0-134-generic (buildd@lgw01-amd64-033) (gcc version 5.4.0 201609 (Ubuntu 5.4.0-6ubuntu1~16.04.10) ) #160-Ubuntu SMP Wed Aug 15 14:58:00 UTC 2018 (Ubuntu 4.4.0-134.160-generic 4.4.140)
[    0.000000] Command line: BOOT_IMAGE=/boot/vmlinuz-4.4.0-134-generic root=LABEL=cloudimg-rootfs ro console=tty1 console=ttyS0
[    0.000000] KERNEL supported cpus:
[    0.000000]   Intel GenuineIntel
[    0.000000]   AMD AuthenticAMD
[    0.000000]   Centaur CentaurHauls
[    0.000000] x86/fpu: xstate_offset[2]:  57, xstate_sizes[2]:  256
[    0.000000] x86/fpu: Supporting XSAVE feature 0x01: 'x87 floating point registers'
[    0.000000] x86/fpu: Supporting XSAVE feature 0x02: 'SSE registers'
[    0.000000] x86/fpu: Supporting XSAVE feature 0x04: 'AVX registers'
[    0.000000] x86/fpu: Enabled xstate features 0x7, context size is 832 bytes, using 'standard' format.
[    0.000000] e820: BIOS-provided physical RAM map:
[    0.000000] BIOS-e820: [mem 0x0000000000000000-0x000000000009fbff] usable
[    0.000000] BIOS-e820: [mem 0x000000000009fc00-0x000000000009ffff] reserved
[    0.000000] BIOS-e820: [mem 0x00000000000f0000-0x00000000000fffff] reserved
[    0.000000] BIOS-e820: [mem 0x0000000000100000x00000003ffeff] usable
[    0.000000] BIOS-e820: [mem 0x000000003fff0000-0x000000003fffffff] ACPI data
[    0.000000] BIOS-e820: [memx00000000fec00000-0x00000000fec00fff] reserved
[[    0.000000] BIOS-e820: [mem 0x00000000fee00000-0x00000000fee00fff] reserved
[    0.000000] BIOS-e820: [mem 0x00000000fffc0000-0x00000000ffffffff] reserved
[    0.000000] NX (Execute Disable) protection: active
[    0.000000] SMBIOS 2.5 present.
[    0.000000] Hypervisor detected: KVM
[    0.000000] e820: last_pfn = 0x3fff0 max_arch_pfn = 0x400000000
[    0.000000] MTRR: Disabled
[    0.000000] x86/PAT: MTRRs disabl, skipping PAT initialization too.
[    0.000000] CPU MTRRs all blank - virtualized system.
[    0.000000] x86/PAT: Configuration [0-7]: WB  WT  UC- UC  WB  WT  UC- UC  
[    0.000000] found SMP MP-table at [mem 0x0009fff0-0x0009ffff] mapped at [ffff88000009fff0]
[    0.000000] Scanning 1 areas for low memory corruption
[    0.000000] RAMDISK: [mem 0x361f0000-0x370effff]
[    0.000000] ACPI: Early table checksum verification disabled
[  0.00000] ACPI: RSDP 0x00000000000E0000 000024 (v02 VBOX  )
[    0.000000] ACPI: XSDT 0x000000003FFF0030 00003C (v01 VBOX   VBOXXSDT 00000001 L  00000061
[    0.000000] ACPI: FACP 0x000000003FFF00F0 0000F4 (v04 VBOX   VBOXFACP 00000001 ASL  00000061)
[    0.000000] ACPI: DSDT 0x000000003FFF0470 0021FF (v02 VBOX   VBOXBIOS 00000002 INTL 20100528)
[    0.000000] ACPI: FACSS 0x000000003FFF0200 000040
[    0.000000] ACPI: FACS 0x000000003FFF0200 000040
[    0.000000] ACPI: APIC 0x000000003FFF0240 00005C (v02 VBOX   VBOXAPIC 00000001 ASL  00000061)
[    0.000000] ACPI: SSDT 0x000000003FFF02A0 0001CC (v01 VBOX   VBOXCPUT 00000002 INTL 20100528)
[    0.000000] No NUMA configuration found
[    0.000000] Faking a node at [mem 0x0000000000000000-0x000000003ffeffff]
[    0.000000] NODE_DATA(0) allocated [mem 0x3ffeb000-3ffeffff]
[    0.000000] kvm-clock: Using msrs 4b564d01 and 4b564d00
[    0.000000] kvm-clock: cpu 0, msr 0:3ffe3001, primary cpu cock
[    0.000000] kvm-clock: using sched offset of 5374997579 cycles
[    0.000000] clocksource: kvm-clock: mask: 0xffffffffff max_cycles: 0x1cd42e4dffb, max_idle_ns: 881590591483 ns
[    0.000000] Zone ranges:
[    0.000000]   DMA      [mem 0x0000000000001000-0x0000000000ffffff]
[    0.000000]   DMA32    [mem 0x0000000001000000-0x000000003ffeffff]
[    0.000000]   Normal   empty
[    0.000000]   Device   empty
[    0.000000] Movable zone start for each node
[    0.000000] Early memory node ranges
[    0.000000]   node   0: [mem 0x0000000000001000-0xx000000000009efff]
[    0.000000]   node   0: [mem 0x0000000000100000-0x000000003ffeffff]
[    0.000000] Initmem setup node 0 [mem 0x0000000000001000-0x000000003ffeffff]
[    0.000000] ACPI: PM-Timer IO Port: 0x4008
[    0.000000] IOAPIC[0]: apic_id 2, version 32, address 0xfec00000, GSI 0-23
[    0.000000] ACPI: INT_SRC_OVR (bus 0 bus_irq 0 global_irq 2 dfl dfl)
[    0.000000] ACPI: INT_SRC_OVR (bus 0 bus_irq 9 global_irq 9 low level)
[    0.000000] Using ACPI (MADT) for SMP configuration information
[    0.000000] smpboot: Allowing 2 CPUs, 0 hotplug CPUs
[    0.000000] PM: Registered nosave memory: [mem 0x00000000-0x00000fff]
[    0.000000] PM: Registered nosave memory: [mem 0x0009f000-0x0009ffff]
[    0.000000] PM: Registered nosave memory: [mem 0x000a0000-0x000effff]
[    0.000000] PM: Registered nosave memory: [em 0x000f0000-0x000fffff]
[    0.000000] e820: [mem 0x40000000-0xfebfffff] available for PCI devices
[    0.000000] Booting paravirtualized kernel on KVM
[    0.000000] clocksource: refined-jiffies: mask: 0xffffffff max_cycles: 0xffffffff, max_idle_ns: 7645519600211568 ns
[    0.000000] setup_percpu: NR_CPUS:512 nr_cpumask_bits:512 nr_cpu_ids:2 nr_node_ids:1
[    0.000000] PERCPU: Embedded 34 pages/cpu @ffff88003fc00000 s99544 r8192 d31528 u1048576
[    0.000000] PV qspinlock hash table entries: 256 (order: 0, 4096 bytes)
[    0.000000] Built 1 zonelists in Node order, mobility grouping on.  Total pages: 257912
[    0.000000] Policy zone: DMA32
[    0.000000] Kernel command line: BOOT_IMAGE=/boot/vmlinuz-4.4.0-134-generic root=LABEL=cloudimg-rootfs ro console=tty1 console=ttyS0
[    0.000000] PID hash table entries: 4096 (order: 3, 32768 bytes)
[    0.000000] Memory: 997156K/1048120K available (8554K kernel code, 1314K rwdata, 4004K rodata, 1516K init, 1316K bss, 50964K reserved, 0K cma-reserved)
[    0.000000] SLUB: HWalign=64, Order=0-3, MinObjects=0, CPUs=2, Nodes=1
[    0.000000] Kernel/User page tables isolation: enabled
[    0.000000] Hierarchical RCU implementation.
[    0.000000] 	Build-time adjustment of leaf fanout to 64.
[    0.000000] 	RCU restricting CPUs from NR_CPUS=512 to nr_cpu_ids=2.
[    0.000000] RCU: Adjusting geometry for rcu_fanout_leaf=64, nr_cpu_ids=2
[    0.000000] NR_IRQS:33024 nr_irqs:440 16
[    0.000000] Console: colour VGA+ 80x25
[    0.000000] console [tty1] enabled
[    0.000000] console [ttyS0] enabled
[    0.000000] tsc: Detected 2303.998 MHz processor
[    0.799356] Calibrating delay loop (skipped) preset value.. 4607.99 BogoMIPS (lpj=9215992)
[    0.801866] pid_max: default: 32768 minimum: 301
[    0.803200] ACPI: Core revision 20150930
[    0.805169] ACPI: 2 ACPI AML tables successfully acquired and loaded
[    0.807181] Security Framework initialized
[    0.808360] Yama: becoming mindful.
[    0.809585] AppArmor: AppArmor initialized
[    0.830454] Dentry cache hash table entries: 131072 (order: 8, 1048576 bytes)
[    0.834371] Inode-cache hash table entries: 65536 (order: 7, 524288 bytes)
[    0.836823] Mount-cache hash table entries: 2048 (order: 2, 16384 bytes)
[    0.838672] Mountpoint-cache hash table entries: 2048 (order: 2, 16384 bytes)
[    0.840787] Initializing cgroup subsys io
[    0.842249] Initializing cgroup subsys memory
[    0.843514] Initializing cgroup subsys devices
[    0.845603] Initializing cgroup subsys freezer
[    0.847193] Initializing cgroup subsys net_cls
[    0.851567] Initializing cgroup subsys perf_event
[    0.853886] Initializing cgroup subsys net_prio
[    0.855391] Initializing cgroup subsys hugetlb
[    0.858613] Initializing cgroup subsys pids
[    0.862357] mce: CPU supports 0 MCE banks
[    0.864178] Last level iTLB entries: 4KB 64, 2MB 8, 4MB 8
[    0.867800] Last level dTLB entries: 4KB 64, 2MB 0, 4MB 0, 1GB 4
[    0.870351] Spectre V2 : Mitigation: Full generic retpoline
[    0.873909] Spectre V2 : Speculation control IBPB not-supported IBRS not-supported
[    0.876062] Spectre V2 : Filling RSB on context switch
[    0.878283] Speculative Store Bypass: Vulnerable
[    0.882041] Freeing SMP alternatives memory: 32K
[    0.896106] ftrace: allocating 32266 entries in 127 pages
[    0.948430] smpboot: APIC(0) Converting physical 0 to logical package 0
[    0.956596] smpboot: Max logical packages: 1
[    0.970215] x2apic enabled
[    0.971321] Switched APIC routing to physical x2apic.
[    0.976139] ..TIMER: vector=0x30 apic1=0 pin1=2 apic2=-1 pin2=-1
[    1.082617] APIC calibration not consistent with PM-Timer: 101ms instead of 100ms
[    1.085176] APIC delta adjusted to PM-Timer: 6249977 (6318474)
[    1.087302] smpboot: CPU0: Intel(R) Core(TM) i5-7360U CPU @ 2.30GHz (family: 0x6, model: 0x8e, stepping: 0x9)
[    1.090342] Performance Events: unsupported p6 CPU model 142 no PMU driver, software events only.
[    1.093445] KVM setup paravirtual spinlock
[    1.097402] x86: Booting SMP configuration:
[    1.098993] .... node  #0, CPUs:      #1
[    1.102495] kvm-clock: cpu 1, msr 0:3ffe3041, secondary cpu clock
[    1.117868] mce: CPU supports 0 MCE banks
[    1.122091] x86: Booted up 1 node, 2 CPUs
[    1.123419] smpboot: Total of 2 processors activated (9215.99 BogoMIPS)
[    1.125762] devtmpfs: initialized
[    1.128488] evm: security.selinux
[    1.136615] evm: security.SMACK64
[    1.137931] evm: security.SMACK64EXEC
[    1.139442] evm: security.SMACK64TRANSMUTE
[    1.147368] evm: security.SMACK64MMAP
[    1.148453] evm: security.ima
[    1.154935] evm: security.capability
[    1.156420] clocksource: jiffies: mask: 0xffffffff max_cycles: 0xffffffff, max_idle_ns: 7645041785100000 ns
[    1.165223] futex hash table entries: 512 (order: 3, 32768 bytes)
[    1.172895] pinctrl core: initialized pinctrl subsystem
[    1.174412] RTC time: 16:59:22, date: 12/06/18
[    1.187213] NET: Registered protocol family 16
[    1.200188] cpuidle: using governor ladder
[    1.212593] cpuidle: using governor menu
[    1.213929] PCCT header not found.
[    1.215042] ACPI: bus type PCI registered
[    1.216517] acpiphp: ACPI Hot Plug PCI Controller Driver version: 0.5
[    1.218950] PCI: Using configuration type 1 for base access
[    1.237971] ACPI: Added _OSI(Module Device)
[    1.239669] ACPI: Added _OSI(Processor Device)
[    1.241857] ACPI: Added _OSI(3.0 _SCP Extensions)
[    1.247813] ACPI: Added _OSI(Processor Aggregator Device)
[    1.256420] ACPI: Executed 1 blocks of module-level executable AML code
[    1.264069] ACPI: Interpreter enabled
[    1.271043] ACPI: (supports S0 S5)
[    1.272503] ACPI: Using IOAPIC for interrupt routing
[    1.274059] PCI: Using host bridge windows from ACPI; if necessary, use "pci=nocrs" and report a bug
[    1.286828] ACPI: PCI Root Bridge [PCI0] (domain 0000 [bus 00-ff])
[    1.289055] acpi PNP0A03:00: _OSC: OS supports [ASPM ClockPM Segments MSI]
[    1.291490] acpi PNP0A03:00: _OSC: not requesting OS control; OS requires [ExtendedConfig ASPM ClockPM MSI]
[    1.295482] acpi PNP0A03:00: fail to add MMCONFIG information, can't access extended PCI configuration space under this bridge.
[    1.305598] PCI host bridge to bus 0000:00
[    1.309213] pci_bus 0000:00: root bus resource [io  0x0000-0x0cf7 window]
[    1.323278] pci_bus 0000:00: root bus resource [io  0x0d00-0xffff window]
[    1.325267] pci_bus 0000:00: root bus resource [mem 0x000a0000-0x000bffff window]
[    1.333255] pci_bus 0000:00: root bus resource [mem 0x40000000-0xfdffffff window]
[    1.335608] pci_bus 0000:00: root bus resource [bus 00-ff]
[    1.348210] pci 0000:00:01.1: legacy IDE quirk: reg 0x10: [io  0x01f0-0x01f7]
[    1.352608] pci 0000:00:01.1: legacy IDE quirk: reg 0x14: [io  0x03f6]
[    1.364621] pci 0000:00:01.1: legacy IDE quirk: reg 0x18: [io  0x0170-0x0177]
[    1.407729] pci 0000:00:01.1: legacy IDE quirk: reg 0x1c: [io  0x0376]
[    1.511122] pci 0000:00:07.0: quirk: [io  0x4000-0x403f] claimed by PIIX4 ACPI
[    1.513908] pci 0000:00:07.0: quirk: [io  0x4100-0x410f] claimed by PIIX4 SMB
[    1.526513] ACPI: PCI Interrupt Link [LNKA] (IRQs 5 9 10 *11)
[    1.529185] ACPI: PCI Interrupt Link [LNKB] (IRQs 5 9 *10 11)
[    1.532291] ACPI: PCI Interrupt Link [LNKC] (IRQs 5 *9 10 11)
[    1.534810] ACPI: PCI Interrupt Link [LNKD] (IRQs 5 9 10 *11)
[    1.537316] ACPI: Enabled 2 GPEs in block 00 to 07
[    1.539105] vgaarb: setting as boot device: PCI:0000:00:02.0
[    1.540814] vgaarb: device added: PCI:0000:00:02.0,decodes=io+mem,owns=io+mem,locks=none
[    1.543624] vgaarb: loaded
[    1.544689] vgaarb: bridge control possible 0000:00:02.0
[    1.546599] SCSI subsystem initialized
[    1.547959] ACPI: bus type USB registered
[    1.549115] usbcore: registered new interface driver usbfs
[    1.550960] usbcore: registered new interface driver hub
[    1.552473] usbcore: registered new device driver usb
[    1.562038] PCI: Using ACPI for IRQ routing
[    1.563823] NetLabel: Initializing
[    1.564857] NetLabel:  domain hash size = 128
[    1.566076] NetLabel:  protocols = UNLABELED CIPSOv4
[    1.567517] NetLabel:  unlabeled traffic allowed by default
[    1.569323] amd_nb: Cannot enumerate AMD northbridges
[    1.571003] clocksource: Switched to clocksource kvm-clock
[    1.582177] AppArmor: AppArmor Filesystem Enabled
[    1.583641] pnp: PnP ACPI init
[    1.585548] pnp: PnP ACPI: found 3 devices
[    1.597185] clocksource: acpi_pm: mask: 0xffffff max_cycles: 0xffffff, max_idle_ns: 2085701024 ns
[    1.599796] NET: Registered protocol family 2
[    1.601190] TCP established hash table entries: 8192 (order: 4, 65536 bytes)
[    1.615742] TCP bind hash table entries: 8192 (order: 5, 131072 bytes)
[    1.617703] TCP: Hash tables configured (established 8192 bind 8192)
[    1.619975] UDP hash table entries: 512 (order: 2, 16384 bytes)
[    1.622477] UDP-Lite hash table entries: 512 (order: 2, 16384 bytes)
[    1.625002] NET: Registered protocol family 1
[    1.628274] pci 0000:00:00.0: Limiting direct PCI/PCI transfers
[    1.631696] pci 0000:00:01.0: Activating ISA DMA hang workarounds
[  1.633742] Unpacking initramfs...

[    2.025273] Freeing initrd memory: 15360K
[    2.026674] platform rtc_cmos: registered platform RTC device (no PNP device found)
[    2.036830] Scanning for low memory corruption every 60 seconds
[    2.039123] audit: initializing netlink subsys (disabled)
[    2.041271] audit: type=2000 audit(1544115568.838:1): initialized
[    2.043193] Initialise system trusted keyring
[    2.047201] HugeTLB registered 2 MB page size, pre-allocated 0 pages
[    2.049848] zbud: loaded
[    2.051054] VFS: Disk quotas dquot_6.6.0
[    2.052216] VFS: Dquot-cache hash table entries: 512 (order 0, 4096 bytes)
[    2.054016] squashfs: version 4.0 (2009/01/31) Phillip Lougher
[    2.064499] fuse init (API version 7.23)
[    2.065812] Key type big_key registered
[    2.096560] Allocating IMA MOK and blacklist keyrings.
[    2.101331] Key type asymmetric registered
[    2.103421] Asymmetric key parser 'x509' registered
[    2.107624] Block layer SCSI generic (bsg) driver version 0.4 loaded (major 249)
[    2.116881] io scheduler noop registered
[    2.121237] io scheduler deadline registered (default)
[    2.125153] io scheduler cfq registered
[    2.130034] pci_hotplug: PCI Hot Plug PCI Core version: 0.5
[    2.138146] pciehp: PCI Express Hot Plug Controller Driver version: 0.4
[    2.140889] ACPI: AC Adapter [AC] (on-line)
[    2.142204] input: Power Button as /devices/LNXSYSTM:00/LNXPWRBN:00/input/input0
[    2.145150] ACPI: Power Button [PWRF]
[    2.155741] input: Sleep Button as /devices/LNXSYSTM:00/LNXSLPBN:00/input/input1
[    2.159127] ACPI: Sleep Button [SLPF]
[    2.162480] ACPI: Battery Slot [BAT0] (battery present)
[    2.164281] GHES: HEST is not enabled!
[    2.172609] Serial: 8250/16550 driver, 32 ports, IRQ sharing enabled
[    2.211414] 00:02: ttyS0 at I/O 0x3f8 (irq = 4, base_baud = 115200) is a 16550A
[    2.223566] Linux agpgart interface v0.103
[    2.232623] loop: module loaded
[    2.234315] scsi host0: ata_piix
[    2.235987] scsi host1: ata_piix
[    2.237529] ata1: PATA max UDMA/33 cmd 0x1f0 ctl 0x3f6 bmdma 0xd000 irq 14
[    2.239459] ata2: PATA max UDMA/33 cmd 0x170 ctl 0x376 bmdma 0xd008 irq 15
[    2.243311] libphy: Fixed MDIO Bus: probed
[    2.244514] tun: Universal TUN/TAP device driver, 1.6
[    2.246379] tun: (C) 1999-2004 Max Krasnyansky <maxk@qualcomm.com>
[    2.248399] PPP generic driver version 2.4.2
[    2.255576] ehci_hcd: USB 2.0 'Enhanced' Host Controller (EHCI) Driver
[    2.257301] ehci-pci: EHCI PCI platform driver
[    2.264430] ehci-platform: EHCI generic platform driver
[    2.266012] ohci_hcd: USB 1.1 'Open' Host Controller (OHCI) Driver
[    2.267828] ohci-pci: OHCI PCI platform driver
[    2.269277] ohci-platform: OHCI generic platform driver
[    2.270951] uhci_hcd: USB Universal Host Controller Interface driver
[    2.272702] i8042: PNP: PS/2 Controller [PNP0303:PS2K,PNP0f03:PS2M] at 0x60,0x64 irq 1,12
[    2.275338] serio: i8042 KBD port at 0x60,0x64 irq 1
[    2.277607] serio: i8042 AUX port at 0x60,0x64 irq 12
[    2.279508] mousedev: PS/2 mouse device common for all mice
[    2.287857] input: AT Translated Set 2 keyboard as /devices/platform/i8042/serio0/input/input2
[    2.290534] rtc_cmos rtc_cmos: rtc core: registered rtc_cmos as rtc0
[    2.297832] rtc_cmos rtc_cmos: alarms up to one day, 114 bytes nvram
[    2.306880] i2c /dev entries driver
[    2.307963] device-mapper: uevent: version 1.0.3
[    2.309388] device-mapper: ioctl: 4.34.0-ioctl (2015-10-28) initialised: dm-devel@redhat.com
[    2.312896] ledtrig-cpu: registered to indicate activity on CPUs
[    2.315757] NET: Registered protocol family 10
[    2.317297] NET: Registered protocol family 17
[    2.318535] Key type dns_resolver registered
[    2.320751] registered taskstats version 1
[    2.321921] Loading compiled-in X.509 certificates
[    2.324065] Loaded X.509 cert 'Build time autogenerated kernel key: 4eb3d024ac16f76c1747ffd474694c84db21038b'
[    2.327121] zswap: loaded using pool lzo/zbud
[    2.335660] Key type trusted registered
[    2.340619] Key type encrypted registered
[    2.341915] AppArmor: AppArmor sha1 policy hashing enabled
[    2.343841] ima: No TPM chip found, activating TPM-bypass!
[    2.346062] ima: Allocated hash algorithm: sha1
[    2.347463] evm: HMAC attrs: 0x1
[    2.348942]   Magic number: 14:626:994
[    2.350253] rtc_cmos rtc_cmos: setting system clock to 2018-12-06 16:59:23 UTC (1544115563)
[    2.358520] BIOS EDD facility v0.16 2004-Jun-25, 0 devices found
[    2.366435] EDD information not available.
[    2.401218] Freeing unused kernel memory: 1516K
[    2.402572] Write protecting the kernel read-only data: 14336k
[    2.410060] Freeing unused kernel memory: 1672K
[    2.411828] Freeing unused kernel memory: 92K
Loading, please wait...
starting version 229
[    2.432620] random: systemd-udevd: uninitialized urandom read (16 bytes read, 3 bits of entropy available)
[    2.432629] random: udevadm: uninitialized urandom read (16 bytes read, 3 bits of entropy available)
[    2.432644] random: udevadm: uninitialized urandom read (16 bytes read, 3 bits of entropy available)
[    2.441854] random: udevadm: uninitialized urandom read (16 bytes read, 3 bits of entropy available)
[    2.441897] random: udevadm: uninitialized urandom read (16 bytes read, 3 bits of entropy available)
[    2.442033] random: udevadm: uninitialized urandom read (16 bytes read, 3 bits of entropy available)
[    2.442082] random: udevadm: uninitialized urandom read (16 bytes read, 3 bits of entropy available)
[    2.442133] random: udevadm: uninitialized urandom read (16 bytes read, 3 bits of entropy available)
[    2.442182] random: udevadm: uninitialized urandom read (16 bytes read, 3 bits of entropy available)
[    2.442230] random: udevadm: uninitialized urandom read (16 bytes read, 3 bits of entropy available)
[    2.499537] e1000: Intel(R) PRO/1000 Network Driver - version 7.3.21-k8-NAPI
[    2.631301] e1000: Copyright (c) 1999-2006 Intel Corporation.
[    2.633616] Fusion MPT base driver 3.04.20
[    2.635227] Copyright (c) 1999-2008 LSI Corporation
[    2.678465] AVX2 version of gcm_enc/dec engaged.
[    2.683653] AES CTR mode by8 optimization enabled
[    2.693648] Fusion MPT SPI Host driver 3.04.20
[    2.875805] input: ImExPS/2 Generic Explorer Mouse as /devices/platform/i8042/serio1/input/input4
[    3.023109] tsc: Refined TSC clocksource calibration: 2303.319 MHz
[    3.024937] clocksource: tsc: mask: 0xffffffffffffffff max_cycles: 0x21337467d48, max_idle_ns: 440795252357 ns
[    3.129135] e1000 0000:00:03.0 eth0: (PCI:33MHz:32-bit) 02:1d:76:b3:3c:fe
[    3.136894] e1000 0000:00:03.0 eth0: Intel(R) PRO/1000 Network Connection
[    3.141473] e1000 0000:00:03.0 enp0s3: renamed from eth0
[    3.143702] mptbase: ioc0: Initiating bringup
[    3.207427] ioc0: LSI53C1030 A0: Capabilities={Initiator}
[    3.373374] scsi host2: ioc0: LSI53C1030 A0, FwRev=00000000h, Ports=1, MaxQ=256, IRQ=20
[    3.488034] scsi 2:0:0:0: Direct-Access     VBOX     HARDDISK         1.0  PQ: 0 ANSI: 5
[    3.490546] scsi target2:0:0: Beginning Domain Validation
[    3.493839] scsi target2:0:0: Domain Validation skipping write tests
[    3.502496] scsi target2:0:0: Ending Domain Validation
[    3.503860] scsi target2:0:0: asynchronous
[    3.505699] scsi 2:0:1:0: Direct-Access     VBOX     HARDDISK         1.0  PQ: 0 ANSI: 5
[    3.516452] scsi target2:0:1: Beginning Domain Validation
[    3.540589] scsi target2:0:1: Domain Validation skipping write tests
[    3.542506] scsi target2:0:1: Ending Domain Validation
[    3.544255] scsi target2:0:1: asynchronous
[    3.555809] sd 2:0:0:0: Attached scsi generic sg0 type 0
[    3.557275] sd 2:0:0:0: [sda] 20971520 512-byte logical blocks: (10.7 GB/10.0 GiB)
[    3.560348] sd 2:0:0:0: [sda] Write Protect is off
[    3.561795] sd 2:0:1:0: [sdb] 20480 512-byte logical blocks: (10.5 MB/10.0 MiB)
[    3.570067] sd 2:0:1:0: Attached scsi generic sg1 type 0
[    3.587209] sd 2:0:0:0: [sda] Incomplete mode parameter data
[    3.589636] sd 2:0:0:0: [sda] Assuming drive cache: write through
[    3.600979] sd 2:0:1:0: [sdb] Write Protect is off
[    3.602637] sd 2:0:1:0: [sdb] Incomplete mode parameter data
[    3.604915]  sda: sda1
[    3.633067] sd 2:0:1:0: [sdb] Assuming drive cache: write through
[    3.636086] sd 2:0:0:0: [sda] Attached SCSI disk
[    3.682059] sd 2:0:1:0: [sdb] Attached SCSI disk
Begin: Loading e[    5.023966] md: linear personality registered for level -1
ssential drivers ... [    5.028048] md: multipath personality registered for level -4
[    5.032080] md: raid0 personality registered for level 0
[    5.035838] md: raid1 personality registered for level 1
[    5.107090] raid6: sse2x1   gen()  7239 MB/s
[    5.183140] raid6: sse2x1   xor()  3020 MB/s
[    5.251200] raid6: sse2x2   gen()  9829 MB/s
[    5.319088] raid6: sse2x2   xor()  8948 MB/s
[    5.387333] raid6: sse2x4   gen() 14968 MB/s
[    5.459096] raid6: sse2x4   xor()  9743 MB/s
[    5.527530] raid6: avx2x1   gen() 20689 MB/s
[    5.611045] raid6: avx2x2   gen() 24255 MB/s
[    5.687154] raid6: avx2x4   gen() 20225 MB/s
[    5.695768] raid6: using algorithm avx2x2 gen() 24255 MB/s
[    5.697337] raid6: using avx2x2 recovery algorithm
[    5.700032] xor: automatically using best checksumming function:
[    5.747113]    avx       : 26720.000 MB/sec
[    5.750046] async_tx: api initialized (async)
[    5.766738] md: raid6 personality registered for level 6
[    5.768703] md: raid5 personality registered for level 5
[    5.783889] md: raid4 personality registered for level 4
[    5.792201] md: raid10 personality registered for level 10
done.
Begin: Running /scripts/init-premount ... done.
Begin: Mounting root file system ... Begin: Running /scripts/local-top ... done.
Begin: Running /scripts/local-premount ... [    5.841507] Btrfs loaded
Scanning for Btrfs filesystems
done.
Warning: fsck not present, so skipping root file system
[    5.887868] EXT4-fs (sda1): INFO: recovery required on readonly filesystem
[    5.890034] EXT4-fs (sda1): write access will be enabled during recovery
[    6.111255] EXT4-fs (sda1): orphan cleanup on readonly fs
[    6.131021] EXT4-fs (sda1): 9 orphan inodes deleted
[    6.160836] EXT4-fs (sda1): recovery complete
[    6.217351] EXT4-fs (sda1): mounted filesystem with ordered data mode. Opts: (null)
done.
Begin: Running /scripts/local-bottom ... done.
Begin: Running /scripts/init-bottom ... done.
[    6.643879] systemd[1]: systemd 229 running in system mode. (+PAM +AUDIT +SELINUX +IMA +APPARMOR +SMACK +SYSVINIT +UTMP +LIBCRYPTSETUP +GCRYPT +GNUTLS +ACL +XZ -LZ4 +SECCOMP +BLKID +ELFUTILS +KMOD -IDN)
[    6.659639] systemd[1]: Detected virtualization oracle.
[    6.667399] systemd[1]: Detected architecture x86-64.

Welcome to [1mUbuntu 16.04.5 LTS[0m!

[    6.673142] systemd[1]: Set hostname to <ubuntu-xenial>.
[    6.843074] random: nonblocking pool is initialized
[    7.018483] systemd[1]: Reached target Encrypted Volumes.
[[0;32m  OK  [0m] Reached target Encrypted Volumes.
[    7.029059] systemd[1]: Listening on /dev/initctl Compatibility Named Pipe.
[[0;32m  OK  [0m] Listening on /dev/initctl Compatibility Named Pipe.
[    7.033723] systemd[1]: Listening on LVM2 metadata daemon socket.
[[0;32m  OK  [0m] Listening on LVM2 metadata daemon socket.
[    7.053691] systemd[1]: Listening on Device-mapper event daemon FIFOs.
[[0;32m  OK  [0m] Listening on Device-mapper event daemon FIFOs.
[    7.057850] systemd[1]: Reached target User and Group Name Lookups.
[[0;32m  OK  [0m] Reached target User and Group Name Lookups.
[    7.069169] systemd[1]: Started Forward Password Requests to Wall Directory Watch.
[[0;32m  OK  [0m] Started Forward Password Requests to Wall Directory Watch.
[    7.080224] systemd[1]: Reached target System Time Synchronized.
[[0;32m  OK  [0m] Reached target System Time Synchronized.
[    7.085820] systemd[1]: Created slice System Slice.
[[0;32m  OK  [0m] Created slice System Slice.
[    7.088838] systemd[1]: Listening on udev Control Socket.
[[0;32m  OK  [0m] Listening on udev Control Socket.
[    7.115868] systemd[1]: Created slice system-serial\x2dgetty.slice.
[[0;32m  OK  [0m] Created slice system-serial\x2dgetty.slice.
[    7.119900] systemd[1]: Listening on Journal Socket.
[[0;32m  OK  [0m] Listening on Journal Socket.
[    7.135668] systemd[1]: Starting Monitoring of LVM2 mirrors, snapshots etc. using dmeventd or progress polling...
         Starting Monitoring of LVM2 mirrors... dmeventd or progress polling...
[    7.191664] systemd[1]: Starting Load Kernel Modules...
         Starting Load Kernel Modules...
[    7.197963] systemd[1]: Mounting Huge Pages File System...
         Mounting Huge Pages File System...
[    7.212034] systemd[1]: Starting Set console keymap...
         Starting Set console keymap...
[    7.219581] systemd[1]: Mounting Debug File System...
         Mounting Debug File System...
[    7.223642] systemd[1]: Starting Create list of required static device nodes for the current kernel...
         Starting Create list of required st... nodes for the current kernel...
[    7.235874] systemd[1]: Listening on Syslog Socket.
[    7.246229] Loading iSCSI transport class v2.0-870.
[[0;32m  OK  [0m] Listening on Syslog Socket.
[    7.267694] systemd[1]: Starting Nameserver information manager...
[    7.276289] iscsi: registered transport (tcp)
         Starting Nameserver information manager...
[    7.290774] systemd[1]: Starting Uncomplicated firewall...
         Starting Uncomplicated firewall...
[    7.304170] systemd[1]: Started Trigger resolvconf update for networkd DNS.
[[0;32m  OK  [0m] Started Trigger resolvconf update for networkd DNS.
[    7.312222] systemd[1]: Listening on Journal Audit Socket.
[[0;32m  OK  [0m] Listening on Journal Audit Socket.
[    7.326472] systemd[1]: Reached target Swap.
[[0;32m  OK  [0m] Reached target Swap.
[    7.347283] systemd[1]: Starting Remount Root and Kernel File Systems...
         Starting Remount Root and Kernel File Systems...
[    7.353260] systemd[1]: Mounting POSIX Message Queue File System...
         Mounting POSIX Message Queue Fil[    7.366509] EXT4-fs (sda1): re-mounted. Opts: (null)
e System...
[    7.408079] systemd[1]: Listening on LVM2 poll daemon socket.
[[0;32m  OK  [0m] Listening on LVM2 poll daemon socket.
[    7.428807] systemd[1]: Listening on Journal Socket (/dev/log).
[    7.433115] iscsi: registered transport (iser)
[[0;32m  OK  [0m] Listening on Journal Socket (/dev/log).
[    7.445461] systemd[1]: Listening on udev Kernel Socket.
[[0;32m  OK  [0m] Listening on udev Kernel Socket.
[    7.471986] systemd[1]: Starting Journal Service...
         Starting Journal Service...
[    7.503157] systemd[1]: Set up automount Arbitrary Executable File Formats File System Automount Point.
[[0;32m  OK  [0m] Set up automount Arbitrary Executab...ats File System Automount Point.
[    7.642604] systemd[1]: Created slice User and Session Slice.
[[0;32m  OK  [0m] Created slice User and Session Slice.
[    7.664307] systemd[1]: Reached target Slices.
[[0;32m  OK  [0m] Reached target Slices.
[    7.680407] systemd[1]: Mounted Debug File System.
[[0;32m  OK  [0m] Mounted Debug File System.
[    7.684559] systemd[1]: Mounted Huge Pages File System.
[[0;32m  OK  [0m] Mounted Huge Pages File System.
[    7.689368] systemd[1]: Mounted POSIX Message Queue File System.
[[0;32m  OK  [0m] Mounted POSIX Message Queue File System.
[    7.697700] systemd[1]: Started Journal Service.
[[0;32m  OK  [0m] Started Journal Service.
[[0;32m  OK  [0m] Started Load Kernel Modules.
[[0;32m  OK  [0m] Started Set console keymap.
[[0;32m  OK  [0m] Started Create list of required sta...ce nodes for the current kernel.
[[0;32m  OK  [0m] Started Uncomplicated firewall.
[[0;32m  OK  [0m] Started Remount Root and Kernel File Systems.
[[0;32m  OK  [0m] Started Nameserver information manager.
[[0;32m  OK  [0m] Started LVM2 metadata daemon.
         Starting udev Coldplug all Devices...
         Starting Load/Save Random Seed...
         Starting Create Static Device Nodes in /dev...
         Mounting FUSE Control File System...
         Starting Apply Kernel Variables...
         Starting Flush Journal to Persistent Storage...
[[0;32m  OK  [0m] Mounted FUSE Control File System.
[[0;32m  OK  [0m] Started Load/Save Random Seed.
[[0;32m  OK  [0m] Started Create Static Device Nodes in /dev.
[[0;32m  OK  [0m] Started Apply Kernel Variables.
[[0;32m  OK  [0m] Started udev Coldplug all Devices.
[[0;32m  OK  [0m] Started Monitoring of LVM2 mirrors,...ng dmeventd or progress polling.
[[0;32m  OK  [0m] Started Flush Journal to Persistent Storage.
         Starting udev Kernel Device Manager...
[[0;32m  OK  [0m] Started udev Kernel Device Manager.
[[0;32m  OK  [0m] Reached target Local File Systems (Pre).
[[0;32m  OK  [0m] Reached target Local File Systems.
         Starting Set console font and keymap...
         Starting LSB: AppArmor initialization...
         Starting Create Volatile Files and Directories...
         Starting Tell Plymouth To Write Out Runtime Data...
         Starting Initial cloud-init job (pre-networking)...
[[0;32m  OK  [0m] Started Dispatch Password Requests to Console Directory Watch.
[[0;32m  OK  [0m] Started Tell Plymouth To Write Out Runtime Data.
[[0;32m  OK  [0m] Started Create Volatile Files and Directories.
         Starting Update UTMP about System Boot/Shutdown...
[[0;32m  OK  [0m] Started Update UTMP about System Boot/Shutdown.
[[0;32m  OK  [0m] Found device /dev/ttyS0.
[[0;32m  OK  [0m] Listening on Load/Save RF Kill Switch Status /dev/rfkill Watch.
[[0;32m  OK  [0m] Started LSB: AppArmor initialization.
[[0;32m  OK  [0m] Found device 82540EM Gigabit Ethern...r (PRO/1000 MT Desktop Adapter).
[[0;32m  OK  [0m] Started Set console font and keymap.
[[0;32m  OK  [0m] Created slice system-getty.slice.
[    9.380863] cloud-init[502]: Cloud-init v. 18.3-9-g2e62cb8a-0ubuntu1~16.04.2 running 'init-local' at Thu, 06 Dec 2018 16:59:31 +0000. Up 9.06 seconds.
[[0;32m  OK  [0m] Started Initial cloud-init job (pre-networking).
[[0;32m  OK  [0m] Reached target Network (Pre).
[[0;32m  OK  [0m] Started ifup for enp0s3.
         Starting Raise network interfaces...
[[0;32m  OK  [0m] Started Raise network interfaces.
[[0;32m  OK  [0m] Reached target Network.
         Starting Initial cloud-init job (metadata service crawler)...
[   10.831139] cloud-init[959]: Cloud-init v. 18.3-9-g2e62cb8a-0ubuntu1~16.04.2 running 'init' at Thu, 06 Dec 2018 16:59:32 +0000. Up 10.03 seconds.
[   10.873823] cloud-init[959]: ci-info: ++++++++++++++++++++++++++++++++++++++Net device info++++++++++++++++++++++++++++++++++++++
[   10.908756] cloud-init[959]: ci-info: +--------+------+----------------------------+---------------+--------+-------------------+
[   10.939893] cloud-init[959]: ci-info: | Device |  Up  |          Address           |      Mask     | Scope  |     Hw-Address    |
[   10.953993] cloud-init[959]: ci-info: +--------+------+----------------------------+---------------+--------+-------------------+
[   10.971930] cloud-init[959]: ci-info: | enp0s3 | True |         10.0.2.15          | 255.255.255.0 | global | 02:1d:76:b3:3c:fe |
[   10.989775] [[0;32m  OK  [0m] Started Initial cloud-init job (metadata service crawler).
cloud-init[[0;32m  OK  [0m] Reached target Cloud-config availability.
[[0;32m  OK  [0m] Reached target Network is Online.
[959]: ci-info: | enp0s3 | True | fe80::1d:76ff:feb3:3cfe/64 |       .       |  link  | 02:1d:76:b3:3c:fe |
[   11.023431]          Starting iSCSI initiator daemon (iscsid)...
[[0;32m  OK  [0m] Reached target System Initialization.
[[0;32m  OK  [0m] Listening on D-Bus System Message Bus Socket.
cloud-init[959]: ci-info: |   lo   | True |         127.0.0.1          |   255.0.0.0   |  host  |         .         |[[0;32m  OK  [0m] Started ACPI Events Check.
[[0;32m  OK  [0m] Reached target Paths.
[[0;32m  OK  [0m] Listening on ACPID Listen Socket.

[   11.039987] [[0;32m  OK  [0m] Started Daily apt download activities.
         Starting Socket activation for snappy daemon.
[[0;32m  OK  [0m] Started Daily apt upgrade and clean activities.
[[0;32m  OK  [0m] Listening on UUID daemon activation socket.
[[0;32m  OK  [0m] Started Daily Cleanup of Temporary Directories.
[[0;32m  OK  [0m] Reached target Timers.
cloud-init[959]: ci-info: |   lo   | True |          ::1/128           |       .       |  host  |         .         |
         Starting LXD - unix socket.
[   11.058425] cloud-init[959]: ci-info: +--------+------+----------------------------+---------------+--------+-------------------+
[   11.069247] cloud-init[959]: ci-info: +++++++++++++++++++++++++++Route IPv4 info++++++++++++++++++++++++++++[[0;32m  OK  [0m] Listening on Socket activation for snappy daemon.
[[0;32m  OK  [0m] Listening on LXD - unix socket.

[   11.077433] cloud-init[[0;32m  OK  [0m] Reached target Sockets.
[[0;32m  OK  [0m] Reached target Basic System.
         Starting LXD - container startup/shutdown...
[[0;32m  OK  [0m] Started Unattended Upgrades Shutdown.
         Starting System Logging Service...
[959]: ci-info: +-------+-------------+----------+---------------+-----------+-------+
[   11.204835] [[0;32m  OK  [0m] Started FUSE filesystem for LXC.
cloud-init[959]: ci-info: | Route | Destination | Gateway  |    Genmask    | Interface | Flags |
[   11.224787]          cloud-initStarting LSB: Record successful boot for GRUB...[959]: 
ci-info: +-------+-------------+----------+---------------+-----------+-------+
[   11.368778] [[0;32m  OK  [0m] Started Deferred execution scheduler.
cloud-init[959]: ci-info: |   0   |   0.0.0.0   | 10.0.2.2 |    0.0.0.0    |   enp0s3  |   UG  |
[   11.374276] cloud-init[959]: ci-info: |   1   |   10.0.2.0  | 0.0.0.0  | 255.255.255.0 |   enp0s3  |   U   |
[   11.377451] cloud-init[959]: ci-info: +-------+-------------+----------+---------------+-----------+-------+         Starting LSB: MD monitoring daemon...

[   11.387990] [cloud-init[0;32m  OK  [0m[959]: ] ci-info: +++++++++++++++++++Route IPv6 info+++++++++++++++++++Started Regular background program processing daemon.

[   11.403468] cloud-init[959]: ci-info: +-------+-------------+---------+-----------+-------+
[   11.407968]          Starting Login Service...
[[0;32m  OK  [0m] Started D-Bus System Message Bus.
cloud-init[959]: ci-info: | Route | Destination | Gateway | Interface | Flags |
[   11.417031] cloud-init[959]: ci-info: +-------+-------------+---------+-----------+-------+
[   11.422236] cloud-init[959]: ci-info: |   0   |  fe80::/64  |    ::   |   enp0s3  |   U   |
[   11.425204] cloud-init[959]: ci-info: |   3   |   ff00::/8  |    ::   |   enp0s3  |   U   |
[   11.427983] cloud-init[959]: ci-info: +-------+-------------+---------+-----------+-------+
[[0;32m  OK  [0m] Started ACPI event daemon.
         Starting Snappy daemon...
         Starting Virtualbox guest utils...
         Starting Accounts Service...
         Starting OpenBSD Secure Shell server...
         Starting /etc/rc.local Compatibility...
[[0;32m  OK  [0m] Started System Logging Service.
[[0;32m  OK  [0m] Started iSCSI initiator daemon (iscsid).
[[0;32m  OK  [0m] Started LXD - container startup/shutdown.
[[0;32m  OK  [0m] Started /etc/rc.local Compatibility.
[[0;32m  OK  [0m] Started OpenBSD Secure Shell server.
[[0;32m  OK  [0m] Started LSB: Record successful boot for GRUB.
[[0;32m  OK  [0m] Started LSB: MD monitoring daemon.
[[0;32m  OK  [0m] Started Login Service.
         Starting Authenticate and Authorize Users to Run Privileged Tasks...
         Starting Login to default iSCSI targets...
[[0;32m  OK  [0m] Started Login to default iSCSI targets.
[[0;32m  OK  [0m] Reached target Remote File Systems (Pre).
[[0;32m  OK  [0m] Reached target Remote File Systems.
         Starting LSB: automatic crash report generation...
         Starting LSB: Set the CPU Frequency Scaling governor to "ondemand"...
         Starting LSB: daemon to balance interrupts for SMP systems...
         Starting Permit User Sessions...
[[0;32m  OK  [0m] Started Virtualbox guest utils.
[[0;32m  OK  [0m] Started Authenticate and Authorize Users to Run Privileged Tasks.
[[0;32m  OK  [0m] Started Accounts Service.
[[0;32m  OK  [0m] Started Permit User Sessions.
         Starting Hold until boot process finishes up...
         Starting Terminate Plymouth Boot Screen...
[[0;32m  OK  [0m] Started Snappy daemon.
[[0;32m  OK  [0m] Started LSB: automatic crash report generation.
[[0;32m  OK  [0m] Started LSB: Set the CPU Frequency Scaling governor to "ondemand".
[[0;32m  OK  [0m] Started LSB: daemon to balance interrupts for SMP systems.
[[0;32m  OK  [0m] Started Hold until boot process finishes up.
[[0;32m  OK  [0m] Started Terminate Plymouth Boot Screen.
[[0;32m  OK  [0m] Started Getty on tty1.
[[0;32m  OK  [0m] Started Serial Getty on ttyS0.
[[0;32m  OK  [0m] Reached target Login Prompts.
         Starting Set console scheme...
         Starting Wait until snapd is fully seeded...
[[0;32m  OK  [0m] Started Set console scheme.
[[0;32m  OK  [0m] Started Wait until snapd is fully seeded.
[[0;32m  OK  [0m] Reached target Multi-User System.
[[0;32m  OK  [0m] Reached target Graphical Interface.
         Starting Update UTMP about System Runlevel Changes...
         Starting Apply the settings specified in cloud-config...
[[0;32m  OK  [0m] Started Update UTMP about System Runlevel Changes.
[   12.780099] cloud-init[1205]: Cloud-init v. 18.3-9-g2e62cb8a-0ubuntu1~16.04.2 running 'modules:config' at Thu, 06 Dec 2018 16:59:34 +0000. Up 12.60 seconds.
[[0;32m  OK  [0m] Started Apply the settings specified in cloud-config.
         Starting Execute cloud user/final scripts...
[   13.345913] cloud-init[1216]: Cloud-init v. 18.3-9-g2e62cb8a-0ubuntu1~16.04.2 running 'modules:final' at Thu, 06 Dec 2018 16:59:35 +0000. Up 13.21 seconds.
[   13.363127] cloud-init[1216]: Cloud-init v. 18.3-9-g2e62cb8a-0ubuntu1~16.04.2 finished at Thu, 06 Dec 2018 16:59:35 +0000. Datasource DataSourceNoCloud [seed=/dev/sdb][dsmode=net].  Up 13.34 seconds
[[0;32m  OK  [0m] Started Execute cloud user/final scripts.
         Starting Daily apt download activities...
[[0;32m  OK  [0m] Reached target Cloud-init target.
[[0;32m  OK  [0m] Created slice User Slice of vagrant.
         Starting User Manager for UID 1000...
[[0;32m  OK  [0m] Started Session 1 of user vagrant.
[[0;32m  OK  [0m] Started User Manager for UID 1000.

Ubuntu 16.04.5 LTS ubuntu-xenial ttyS0

ubuntu-xenial login: [[0;32m  OK  [0m] Started ACPI event daemon.
[[0;32m  OK  [0m] Started ACPI event daemon.
[[0;32m  OK  [0m] Started ACPI event daemon.
[  OK  ] Started ACPI event daemon.
[  OK  ] Started Trigger resolvconf update for networkd DNS.
[  OK  ] Started ACPI event daemon.
[  OK  ] Started ACPI event daemon.
[  OK  ] Started ACPI event daemon.
[  OK  ] Started ACPI event daemon.
[  OK  ] Started ACPI event daemon.
[  OK  ] Started ACPI event daemon.
         Stopping udev Kernel Device Manager...
[  OK  ] Stopped udev Kernel Device Manager.
         Starting udev Kernel Device Manager...
[  OK  ] Started udev Kernel Device Manager.
[  OK  ] Started ACPI event daemon.
[  OK  ] Started ACPI event daemon.
[  OK  ] Started ACPI event daemon.
         Stopping OpenBSD Secure Shell server...
[  OK  ] Stopped OpenBSD Secure Shell server.
         Starting OpenBSD Secure Shell server...
[  OK  ] Started OpenBSD Secure Shell server.
[  OK  ] Started Daily apt upgrade and clean activities.
